app_cerimoniarios/build/app/intermediates/manifest_merge_blame_file/debug/processDebugMainManifest/manifest-merger-blame-debug-report.txt
1<?xml version="1.0" encoding="utf-8"?>
2<manifest xmlns:android="http://schemas.android.com/apk/res/android"
3    package="com.example.app_cerimoniarios"
4    android:versionCode="1"
5    android:versionName="1.0.0" >
6
7    <uses-sdk
8        android:minSdkVersion="21"
9        android:targetSdkVersion="34" />
10    <!--
11         The INTERNET permission is required for development. Specifically,
12         the Flutter tool needs it to communicate with the running application
13         to allow setting breakpoints, to provide hot reload, etc.
14    -->
15    <uses-permission android:name="android.permission.INTERNET" />
15-->src\debug\AndroidManifest.xml:6:5-66
15-->src\debug\AndroidManifest.xml:6:22-64
16    <!--
17     Required to query activities that can process text, see:
18         https://developer.android.com/training/package-visibility and
19         https://developer.android.com/reference/android/content/Intent#ACTION_PROCESS_TEXT.
20
21         In particular, this is used by the Flutter engine in io.flutter.plugin.text.ProcessTextPlugin.
22    -->
23    <queries>
23-->src\main\AndroidManifest.xml:39:5-44:15
24        <intent>
24-->src\main\AndroidManifest.xml:40:9-43:18
25            <action android:name="android.intent.action.PROCESS_TEXT" />
25-->src\main\AndroidManifest.xml:41:13-72
25-->src\main\AndroidManifest.xml:41:21-70
26
27            <data android:mimeType="text/plain" />
27-->src\main\AndroidManifest.xml:42:13-50
27-->src\main\AndroidManifest.xml:42:19-48
28        </intent>
29    </queries>
30
31    <uses-permission android:name="android.permission.WAKE_LOCK" />
31-->[:firebase_messaging] AndroidManifest.xml:8:5-68
31-->[:firebase_messaging] AndroidManifest.xml:8:22-65
32    <uses-permission android:name="android.permission.ACCESS_NETWORK_STATE" /> <!-- Permissions options for the `notification` group -->
32-->[:firebase_messaging] AndroidManifest.xml:9:5-79
32-->[:firebase_messaging] AndroidManifest.xml:9:22-76
33    <uses-permission android:name="android.permission.POST_NOTIFICATIONS" /> <!-- Required by older versions of Google Play services to create IID tokens -->
33-->[:firebase_messaging] AndroidManifest.xml:11:5-77
33-->[:firebase_messaging] AndroidManifest.xml:11:22-74
34    <uses-permission android:name="com.google.android.c2dm.permission.RECEIVE" />
34-->[com.google.firebase:firebase-messaging:23.4.1] AndroidManifest.xml:26:5-82
34-->[com.google.firebase:firebase-messaging:23.4.1] AndroidManifest.xml:26:22-79
35    <uses-permission android:name="android.permission.RECEIVE_BOOT_COMPLETED" />
35-->[:flutter_local_notifications] AndroidManifest.xml:7:5-81
35-->[:flutter_local_notifications] AndroidManifest.xml:7:22-78
36    <uses-permission android:name="android.permission.VIBRATE" />
36-->[:flutter_local_notifications] AndroidManifest.xml:8:5-66
36-->[:flutter_local_notifications] AndroidManifest.xml:8:22-63
37    <uses-permission android:name="android.permission.USE_FULL_SCREEN_INTENT" />
37-->[:flutter_local_notifications] AndroidManifest.xml:9:5-81
37-->[:flutter_local_notifications] AndroidManifest.xml:9:22-78
38    <uses-permission android:name="android.permission.SCHEDULE_EXACT_ALARM" />
38-->[:flutter_local_notifications] AndroidManifest.xml:10:5-79
38-->[:flutter_local_notifications] AndroidManifest.xml:10:22-76
39    <uses-permission android:name="com.google.android.providers.gsf.permission.READ_GSERVICES" />
39-->[com.google.android.recaptcha:recaptcha:18.4.0] AndroidManifest.xml:9:5-98
39-->[com.google.android.recaptcha:recaptcha:18.4.0] AndroidManifest.xml:9:22-95
40
41    <permission
41-->[androidx.core:core:1.13.1] AndroidManifest.xml:22:5-24:47
42        android:name="com.example.app_cerimoniarios.DYNAMIC_RECEIVER_NOT_EXPORTED_PERMISSION"
42-->[androidx.core:core:1.13.1] AndroidManifest.xml:23:9-81
43        android:protectionLevel="signature" />
43-->[androidx.core:core:1.13.1] AndroidManifest.xml:24:9-44
44
45    <uses-permission android:name="com.example.app_cerimoniarios.DYNAMIC_RECEIVER_NOT_EXPORTED_PERMISSION" />
45-->[androidx.core:core:1.13.1] AndroidManifest.xml:26:5-97
45-->[androidx.core:core:1.13.1] AndroidManifest.xml:26:22-94
46
47    <application
48        android:name="android.app.Application"
49        android:appComponentFactory="androidx.core.app.CoreComponentFactory"
49-->[androidx.core:core:1.13.1] AndroidManifest.xml:28:18-86
50        android:debuggable="true"
51        android:extractNativeLibs="true"
52        android:icon="@mipmap/ic_launcher"
53        android:label="app_cerimoniarios" >
54        <activity
55            android:name="com.example.app_cerimoniarios.MainActivity"
56            android:configChanges="orientation|keyboardHidden|keyboard|screenSize|smallestScreenSize|locale|layoutDirection|fontScale|screenLayout|density|uiMode"
57            android:exported="true"
58            android:hardwareAccelerated="true"
59            android:launchMode="singleTop"
60            android:taskAffinity=""
61            android:theme="@style/LaunchTheme"
62            android:windowSoftInputMode="adjustResize" >
63
64            <!--
65                 Specifies an Android theme to apply to this Activity as soon as
66                 the Android process has started. This theme is visible to the user
67                 while the Flutter UI initializes. After that, this theme continues
68                 to determine the Window background behind the Flutter UI.
69            -->
70            <meta-data
71                android:name="io.flutter.embedding.android.NormalTheme"
72                android:resource="@style/NormalTheme" />
73
74            <intent-filter>
75                <action android:name="android.intent.action.MAIN" />
76
77                <category android:name="android.intent.category.LAUNCHER" />
78            </intent-filter>
79        </activity>
80        <!--
81             Don't delete the meta-data below.
82             This is used by the Flutter tool to generate GeneratedPluginRegistrant.java
83        -->
84        <meta-data
85            android:name="flutterEmbedding"
86            android:value="2" />
87
88        <service
88-->[:firebase_auth] AndroidManifest.xml:8:9-12:19
89            android:name="com.google.firebase.components.ComponentDiscoveryService"
89-->[:firebase_auth] AndroidManifest.xml:8:18-89
90            android:directBootAware="true"
90-->[com.google.firebase:firebase-common:20.4.3] AndroidManifest.xml:32:13-43
91            android:exported="false" >
91-->[com.google.firebase:firebase-auth:22.3.1] AndroidManifest.xml:68:13-37
92            <meta-data
92-->[:firebase_auth] AndroidManifest.xml:9:13-11:85
93                android:name="com.google.firebase.components:io.flutter.plugins.firebase.auth.FlutterFirebaseAuthRegistrar"
93-->[:firebase_auth] AndroidManifest.xml:10:17-124
94                android:value="com.google.firebase.components.ComponentRegistrar" />
94-->[:firebase_auth] AndroidManifest.xml:11:17-82
95            <meta-data
95-->[:cloud_firestore] AndroidManifest.xml:9:13-11:85
96                android:name="com.google.firebase.components:io.flutter.plugins.firebase.firestore.FlutterFirebaseFirestoreRegistrar"
96-->[:cloud_firestore] AndroidManifest.xml:10:17-134
97                android:value="com.google.firebase.components.ComponentRegistrar" />
97-->[:cloud_firestore] AndroidManifest.xml:11:17-82
98            <meta-data
98-->[:firebase_messaging] AndroidManifest.xml:36:13-38:85
99                android:name="com.google.firebase.components:io.flutter.plugins.firebase.messaging.FlutterFirebaseAppRegistrar"
99-->[:firebase_messaging] AndroidManifest.xml:37:17-128
100                android:value="com.google.firebase.components.ComponentRegistrar" />
100-->[:firebase_messaging] AndroidManifest.xml:38:17-82
101            <meta-data
101-->[:firebase_core] AndroidManifest.xml:9:13-11:85
102                android:name="com.google.firebase.components:io.flutter.plugins.firebase.core.FlutterFirebaseCoreRegistrar"
102-->[:firebase_core] AndroidManifest.xml:10:17-124
103                android:value="com.google.firebase.components.ComponentRegistrar" />
103-->[:firebase_core] AndroidManifest.xml:11:17-82
104            <meta-data
104-->[com.google.firebase:firebase-auth:22.3.1] AndroidManifest.xml:69:13-71:85
105                android:name="com.google.firebase.components:com.google.firebase.auth.FirebaseAuthRegistrar"
105-->[com.google.firebase:firebase-auth:22.3.1] AndroidManifest.xml:70:17-109
106                android:value="com.google.firebase.components.ComponentRegistrar" />
106-->[com.google.firebase:firebase-auth:22.3.1] AndroidManifest.xml:71:17-82
107            <meta-data
107-->[com.google.firebase:firebase-firestore:24.11.0] AndroidManifest.xml:17:13-19:85
108                android:name="com.google.firebase.components:com.google.firebase.firestore.FirebaseFirestoreKtxRegistrar"
108-->[com.google.firebase:firebase-firestore:24.11.0] AndroidManifest.xml:18:17-122
109                android:value="com.google.firebase.components.ComponentRegistrar" />
109-->[com.google.firebase:firebase-firestore:24.11.0] AndroidManifest.xml:19:17-82
110            <meta-data
110-->[com.google.firebase:firebase-firestore:24.11.0] AndroidManifest.xml:20:13-22:85
111                android:name="com.google.firebase.components:com.google.firebase.firestore.FirestoreRegistrar"
111-->[com.google.firebase:firebase-firestore:24.11.0] AndroidManifest.xml:21:17-111
112                android:value="com.google.firebase.components.ComponentRegistrar" />
112-->[com.google.firebase:firebase-firestore:24.11.0] AndroidManifest.xml:22:17-82
113            <meta-data
113-->[com.google.firebase:firebase-messaging:23.4.1] AndroidManifest.xml:57:13-59:85
114                android:name="com.google.firebase.components:com.google.firebase.messaging.FirebaseMessagingKtxRegistrar"
114-->[com.google.firebase:firebase-messaging:23.4.1] AndroidManifest.xml:58:17-122
115                android:value="com.google.firebase.components.ComponentRegistrar" />
115-->[com.google.firebase:firebase-messaging:23.4.1] AndroidManifest.xml:59:17-82
116            <meta-data
116-->[com.google.firebase:firebase-messaging:23.4.1] AndroidManifest.xml:60:13-62:85
117                android:name="com.google.firebase.components:com.google.firebase.messaging.FirebaseMessagingRegistrar"
117-->[com.google.firebase:firebase-messaging:23.4.1] AndroidManifest.xml:61:17-119
118                android:value="com.google.firebase.components.ComponentRegistrar" />
118-->[com.google.firebase:firebase-messaging:23.4.1] AndroidManifest.xml:62:17-82
119            <meta-data
119-->[com.google.firebase:firebase-installations:17.2.0] AndroidManifest.xml:15:13-17:85
120                android:name="com.google.firebase.components:com.google.firebase.installations.FirebaseInstallationsKtxRegistrar"
120-->[com.google.firebase:firebase-installations:17.2.0] AndroidManifest.xml:16:17-130
121                android:value="com.google.firebase.components.ComponentRegistrar" />
121-->[com.google.firebase:firebase-installations:17.2.0] AndroidManifest.xml:17:17-82
122            <meta-data
122-->[com.google.firebase:firebase-installations:17.2.0] AndroidManifest.xml:18:13-20:85
123                android:name="com.google.firebase.components:com.google.firebase.installations.FirebaseInstallationsRegistrar"
123-->[com.google.firebase:firebase-installations:17.2.0] AndroidManifest.xml:19:17-127
124                android:value="com.google.firebase.components.ComponentRegistrar" />
124-->[com.google.firebase:firebase-installations:17.2.0] AndroidManifest.xml:20:17-82
125            <meta-data
125-->[com.google.firebase:firebase-common-ktx:20.4.3] AndroidManifest.xml:12:13-14:85
126                android:name="com.google.firebase.components:com.google.firebase.ktx.FirebaseCommonLegacyRegistrar"
126-->[com.google.firebase:firebase-common-ktx:20.4.3] AndroidManifest.xml:13:17-116
127                android:value="com.google.firebase.components.ComponentRegistrar" />
127-->[com.google.firebase:firebase-common-ktx:20.4.3] AndroidManifest.xml:14:17-82
128            <meta-data
128-->[com.google.firebase:firebase-common:20.4.3] AndroidManifest.xml:35:13-37:85
129                android:name="com.google.firebase.components:com.google.firebase.FirebaseCommonKtxRegistrar"
129-->[com.google.firebase:firebase-common:20.4.3] AndroidManifest.xml:36:17-109
130                android:value="com.google.firebase.components.ComponentRegistrar" />
130-->[com.google.firebase:firebase-common:20.4.3] AndroidManifest.xml:37:17-82
131            <meta-data
131-->[com.google.firebase:firebase-datatransport:18.1.7] AndroidManifest.xml:27:13-29:85
132                android:name="com.google.firebase.components:com.google.firebase.datatransport.TransportRegistrar"
132-->[com.google.firebase:firebase-datatransport:18.1.7] AndroidManifest.xml:28:17-115
133                android:value="com.google.firebase.components.ComponentRegistrar" />
133-->[com.google.firebase:firebase-datatransport:18.1.7] AndroidManifest.xml:29:17-82
134        </service>
135        <service
135-->[:firebase_messaging] AndroidManifest.xml:14:9-17:72
136            android:name="io.flutter.plugins.firebase.messaging.FlutterFirebaseMessagingBackgroundService"
136-->[:firebase_messaging] AndroidManifest.xml:15:13-107
137            android:exported="false"
137-->[:firebase_messaging] AndroidManifest.xml:16:13-37
138            android:permission="android.permission.BIND_JOB_SERVICE" />
138-->[:firebase_messaging] AndroidManifest.xml:17:13-69
139        <service
139-->[:firebase_messaging] AndroidManifest.xml:18:9-24:19
140            android:name="io.flutter.plugins.firebase.messaging.FlutterFirebaseMessagingService"
140-->[:firebase_messaging] AndroidManifest.xml:19:13-97
141            android:exported="false" >
141-->[:firebase_messaging] AndroidManifest.xml:20:13-37
142            <intent-filter>
142-->[:firebase_messaging] AndroidManifest.xml:21:13-23:29
143                <action android:name="com.google.firebase.MESSAGING_EVENT" />
143-->[:firebase_messaging] AndroidManifest.xml:22:17-78
143-->[:firebase_messaging] AndroidManifest.xml:22:25-75
144            </intent-filter>
145        </service>
146
147        <receiver
147-->[:firebase_messaging] AndroidManifest.xml:26:9-33:20
148            android:name="io.flutter.plugins.firebase.messaging.FlutterFirebaseMessagingReceiver"
148-->[:firebase_messaging] AndroidManifest.xml:27:13-98
149            android:exported="true"
149-->[:firebase_messaging] AndroidManifest.xml:28:13-36
150            android:permission="com.google.android.c2dm.permission.SEND" >
150-->[:firebase_messaging] AndroidManifest.xml:29:13-73
151            <intent-filter>
151-->[:firebase_messaging] AndroidManifest.xml:30:13-32:29
152                <action android:name="com.google.android.c2dm.intent.RECEIVE" />
152-->[:firebase_messaging] AndroidManifest.xml:31:17-81
152-->[:firebase_messaging] AndroidManifest.xml:31:25-78
153            </intent-filter>
154        </receiver>
155
156        <provider
156-->[:firebase_messaging] AndroidManifest.xml:41:9-45:38
157            android:name="io.flutter.plugins.firebase.messaging.FlutterFirebaseMessagingInitProvider"
157-->[:firebase_messaging] AndroidManifest.xml:42:13-102
158            android:authorities="com.example.app_cerimoniarios.flutterfirebasemessaginginitprovider"
158-->[:firebase_messaging] AndroidManifest.xml:43:13-88
159            android:exported="false"
159-->[:firebase_messaging] AndroidManifest.xml:44:13-37
160            android:initOrder="99" />
160-->[:firebase_messaging] AndroidManifest.xml:45:13-35
161
162        <activity
162-->[com.google.firebase:firebase-auth:22.3.1] AndroidManifest.xml:29:9-46:20
163            android:name="com.google.firebase.auth.internal.GenericIdpActivity"
163-->[com.google.firebase:firebase-auth:22.3.1] AndroidManifest.xml:30:13-80
164            android:excludeFromRecents="true"
164-->[com.google.firebase:firebase-auth:22.3.1] AndroidManifest.xml:31:13-46
165            android:exported="true"
165-->[com.google.firebase:firebase-auth:22.3.1] AndroidManifest.xml:32:13-36
166            android:launchMode="singleTask"
166-->[com.google.firebase:firebase-auth:22.3.1] AndroidManifest.xml:33:13-44
167            android:theme="@android:style/Theme.Translucent.NoTitleBar" >
167-->[com.google.firebase:firebase-auth:22.3.1] AndroidManifest.xml:34:13-72
168            <intent-filter>
168-->[com.google.firebase:firebase-auth:22.3.1] AndroidManifest.xml:35:13-45:29
169                <action android:name="android.intent.action.VIEW" />
169-->[com.google.firebase:firebase-auth:22.3.1] AndroidManifest.xml:36:17-69
169-->[com.google.firebase:firebase-auth:22.3.1] AndroidManifest.xml:36:25-66
170
171                <category android:name="android.intent.category.DEFAULT" />
171-->[com.google.firebase:firebase-auth:22.3.1] AndroidManifest.xml:38:17-76
171-->[com.google.firebase:firebase-auth:22.3.1] AndroidManifest.xml:38:27-73
172                <category android:name="android.intent.category.BROWSABLE" />
172-->[com.google.firebase:firebase-auth:22.3.1] AndroidManifest.xml:39:17-78
172-->[com.google.firebase:firebase-auth:22.3.1] AndroidManifest.xml:39:27-75
173
174                <data
174-->src\main\AndroidManifest.xml:42:13-50
175                    android:host="firebase.auth"
176                    android:path="/"
177                    android:scheme="genericidp" />
178            </intent-filter>
179        </activity>
180        <activity
180-->[com.google.firebase:firebase-auth:22.3.1] AndroidManifest.xml:47:9-64:20
181            android:name="com.google.firebase.auth.internal.RecaptchaActivity"
181-->[com.google.firebase:firebase-auth:22.3.1] AndroidManifest.xml:48:13-79
182            android:excludeFromRecents="true"
182-->[com.google.firebase:firebase-auth:22.3.1] AndroidManifest.xml:49:13-46
183            android:exported="true"
183-->[com.google.firebase:firebase-auth:22.3.1] AndroidManifest.xml:50:13-36
184            android:launchMode="singleTask"
184-->[com.google.firebase:firebase-auth:22.3.1] AndroidManifest.xml:51:13-44
185            android:theme="@android:style/Theme.Translucent.NoTitleBar" >
185-->[com.google.firebase:firebase-auth:22.3.1] AndroidManifest.xml:52:13-72
186            <intent-filter>
186-->[com.google.firebase:firebase-auth:22.3.1] AndroidManifest.xml:53:13-63:29
187                <action android:name="android.intent.action.VIEW" />
187-->[com.google.firebase:firebase-auth:22.3.1] AndroidManifest.xml:36:17-69
187-->[com.google.firebase:firebase-auth:22.3.1] AndroidManifest.xml:36:25-66
188
189                <category android:name="android.intent.category.DEFAULT" />
189-->[com.google.firebase:firebase-auth:22.3.1] AndroidManifest.xml:38:17-76
189-->[com.google.firebase:firebase-auth:22.3.1] AndroidManifest.xml:38:27-73
190                <category android:name="android.intent.category.BROWSABLE" />
190-->[com.google.firebase:firebase-auth:22.3.1] AndroidManifest.xml:39:17-78
190-->[com.google.firebase:firebase-auth:22.3.1] AndroidManifest.xml:39:27-75
191
192                <data
192-->src\main\AndroidManifest.xml:42:13-50
193                    android:host="firebase.auth"
194                    android:path="/"
195                    android:scheme="recaptcha" />
196            </intent-filter>
197        </activity>
198
199        <receiver
199-->[com.google.firebase:firebase-messaging:23.4.1] AndroidManifest.xml:29:9-40:20
200            android:name="com.google.firebase.iid.FirebaseInstanceIdReceiver"
200-->[com.google.firebase:firebase-messaging:23.4.1] AndroidManifest.xml:30:13-78
201            android:exported="true"
201-->[com.google.firebase:firebase-messaging:23.4.1] AndroidManifest.xml:31:13-36
202            android:permission="com.google.android.c2dm.permission.SEND" >
202-->[com.google.firebase:firebase-messaging:23.4.1] AndroidManifest.xml:32:13-73
203            <intent-filter>
203-->[:firebase_messaging] AndroidManifest.xml:30:13-32:29
204                <action android:name="com.google.android.c2dm.intent.RECEIVE" />
204-->[:firebase_messaging] AndroidManifest.xml:31:17-81
204-->[:firebase_messaging] AndroidManifest.xml:31:25-78
205            </intent-filter>
206
207            <meta-data
207-->[com.google.firebase:firebase-messaging:23.4.1] AndroidManifest.xml:37:13-39:40
208                android:name="com.google.android.gms.cloudmessaging.FINISHED_AFTER_HANDLED"
208-->[com.google.firebase:firebase-messaging:23.4.1] AndroidManifest.xml:38:17-92
209                android:value="true" />
209-->[com.google.firebase:firebase-messaging:23.4.1] AndroidManifest.xml:39:17-37
210        </receiver>
211        <!--
212             FirebaseMessagingService performs security checks at runtime,
213             but set to not exported to explicitly avoid allowing another app to call it.
214        -->
215        <service
215-->[com.google.firebase:firebase-messaging:23.4.1] AndroidManifest.xml:46:9-53:19
216            android:name="com.google.firebase.messaging.FirebaseMessagingService"
216-->[com.google.firebase:firebase-messaging:23.4.1] AndroidManifest.xml:47:13-82
217            android:directBootAware="true"
217-->[com.google.firebase:firebase-messaging:23.4.1] AndroidManifest.xml:48:13-43
218            android:exported="false" >
218-->[com.google.firebase:firebase-messaging:23.4.1] AndroidManifest.xml:49:13-37
219            <intent-filter android:priority="-500" >
219-->[:firebase_messaging] AndroidManifest.xml:21:13-23:29
220                <action android:name="com.google.firebase.MESSAGING_EVENT" />
220-->[:firebase_messaging] AndroidManifest.xml:22:17-78
220-->[:firebase_messaging] AndroidManifest.xml:22:25-75
221            </intent-filter>
222        </service>
223
224        <receiver
224-->[:flutter_local_notifications] AndroidManifest.xml:14:9-16:40
225            android:name="com.dexterous.flutterlocalnotifications.ActionBroadcastReceiver"
225-->[:flutter_local_notifications] AndroidManifest.xml:15:13-91
226            android:exported="false" />
226-->[:flutter_local_notifications] AndroidManifest.xml:16:13-37
227        <receiver
227-->[:flutter_local_notifications] AndroidManifest.xml:17:9-19:40
228            android:name="com.dexterous.flutterlocalnotifications.ScheduledNotificationReceiver"
228-->[:flutter_local_notifications] AndroidManifest.xml:18:13-97
229            android:exported="false" />
229-->[:flutter_local_notifications] AndroidManifest.xml:19:13-37
230        <receiver
230-->[:flutter_local_notifications] AndroidManifest.xml:20:9-29:20
231            android:name="com.dexterous.flutterlocalnotifications.ScheduledNotificationBootReceiver"
231-->[:flutter_local_notifications] AndroidManifest.xml:21:13-101
232            android:exported="false" >
232-->[:flutter_local_notifications] AndroidManifest.xml:22:13-37
233            <intent-filter>
233-->[:flutter_local_notifications] AndroidManifest.xml:23:13-28:29
234                <action android:name="android.intent.action.BOOT_COMPLETED" />
234-->[:flutter_local_notifications] AndroidManifest.xml:24:17-79
234-->[:flutter_local_notifications] AndroidManifest.xml:24:25-76
235                <action android:name="android.intent.action.MY_PACKAGE_REPLACED" />
235-->[:flutter_local_notifications] AndroidManifest.xml:25:17-84
235-->[:flutter_local_notifications] AndroidManifest.xml:25:25-81
236                <action android:name="android.intent.action.QUICKBOOT_POWERON" />
236-->[:flutter_local_notifications] AndroidManifest.xml:26:17-82
236-->[:flutter_local_notifications] AndroidManifest.xml:26:25-79
237                <action android:name="com.htc.intent.action.QUICKBOOT_POWERON" />
237-->[:flutter_local_notifications] AndroidManifest.xml:27:17-82
237-->[:flutter_local_notifications] AndroidManifest.xml:27:25-79
238            </intent-filter>
239        </receiver>
240
241        <uses-library
241-->[androidx.window:window:1.2.0] AndroidManifest.xml:23:9-25:40
242            android:name="androidx.window.extensions"
242-->[androidx.window:window:1.2.0] AndroidManifest.xml:24:13-54
243            android:required="false" />
243-->[androidx.window:window:1.2.0] AndroidManifest.xml:25:13-37
244        <uses-library
244-->[androidx.window:window:1.2.0] AndroidManifest.xml:26:9-28:40
245            android:name="androidx.window.sidecar"
245-->[androidx.window:window:1.2.0] AndroidManifest.xml:27:13-51
246            android:required="false" />
246-->[androidx.window:window:1.2.0] AndroidManifest.xml:28:13-37
247
248        <activity
248-->[com.google.android.gms:play-services-base:18.0.1] AndroidManifest.xml:20:9-22:45
249            android:name="com.google.android.gms.common.api.GoogleApiActivity"
249-->[com.google.android.gms:play-services-base:18.0.1] AndroidManifest.xml:20:19-85
250            android:exported="false"
250-->[com.google.android.gms:play-services-base:18.0.1] AndroidManifest.xml:22:19-43
251            android:theme="@android:style/Theme.Translucent.NoTitleBar" />
251-->[com.google.android.gms:play-services-base:18.0.1] AndroidManifest.xml:21:19-78
252
253        <provider
253-->[com.google.firebase:firebase-common:20.4.3] AndroidManifest.xml:23:9-28:39
254            android:name="com.google.firebase.provider.FirebaseInitProvider"
254-->[com.google.firebase:firebase-common:20.4.3] AndroidManifest.xml:24:13-77
255            android:authorities="com.example.app_cerimoniarios.firebaseinitprovider"
255-->[com.google.firebase:firebase-common:20.4.3] AndroidManifest.xml:25:13-72
256            android:directBootAware="true"
256-->[com.google.firebase:firebase-common:20.4.3] AndroidManifest.xml:26:13-43
257            android:exported="false"
257-->[com.google.firebase:firebase-common:20.4.3] AndroidManifest.xml:27:13-37
258            android:initOrder="100" />
258-->[com.google.firebase:firebase-common:20.4.3] AndroidManifest.xml:28:13-36
259
260        <meta-data
260-->[com.google.android.gms:play-services-basement:18.3.0] AndroidManifest.xml:21:9-23:69
261            android:name="com.google.android.gms.version"
261-->[com.google.android.gms:play-services-basement:18.3.0] AndroidManifest.xml:22:13-58
262            android:value="@integer/google_play_services_version" />
262-->[com.google.android.gms:play-services-basement:18.3.0] AndroidManifest.xml:23:13-66
263
264        <provider
264-->[androidx.lifecycle:lifecycle-process:2.7.0] AndroidManifest.xml:24:9-32:20
265            android:name="androidx.startup.InitializationProvider"
265-->[androidx.lifecycle:lifecycle-process:2.7.0] AndroidManifest.xml:25:13-67
266            android:authorities="com.example.app_cerimoniarios.androidx-startup"
266-->[androidx.lifecycle:lifecycle-process:2.7.0] AndroidManifest.xml:26:13-68
267            android:exported="false" >
267-->[androidx.lifecycle:lifecycle-process:2.7.0] AndroidManifest.xml:27:13-37
268            <meta-data
268-->[androidx.lifecycle:lifecycle-process:2.7.0] AndroidManifest.xml:29:13-31:52
269                android:name="androidx.lifecycle.ProcessLifecycleInitializer"
269-->[androidx.lifecycle:lifecycle-process:2.7.0] AndroidManifest.xml:30:17-78
270                android:value="androidx.startup" />
270-->[androidx.lifecycle:lifecycle-process:2.7.0] AndroidManifest.xml:31:17-49
271            <meta-data
271-->[androidx.profileinstaller:profileinstaller:1.3.1] AndroidManifest.xml:29:13-31:52
272                android:name="androidx.profileinstaller.ProfileInstallerInitializer"
272-->[androidx.profileinstaller:profileinstaller:1.3.1] AndroidManifest.xml:30:17-85
273                android:value="androidx.startup" />
273-->[androidx.profileinstaller:profileinstaller:1.3.1] AndroidManifest.xml:31:17-49
274        </provider>
275
276        <receiver
276-->[androidx.profileinstaller:profileinstaller:1.3.1] AndroidManifest.xml:34:9-52:20
277            android:name="androidx.profileinstaller.ProfileInstallReceiver"
277-->[androidx.profileinstaller:profileinstaller:1.3.1] AndroidManifest.xml:35:13-76
278            android:directBootAware="false"
278-->[androidx.profileinstaller:profileinstaller:1.3.1] AndroidManifest.xml:36:13-44
279            android:enabled="true"
279-->[androidx.profileinstaller:profileinstaller:1.3.1] AndroidManifest.xml:37:13-35
280            android:exported="true"
280-->[androidx.profileinstaller:profileinstaller:1.3.1] AndroidManifest.xml:38:13-36
281            android:permission="android.permission.DUMP" >
281-->[androidx.profileinstaller:profileinstaller:1.3.1] AndroidManifest.xml:39:13-57
282            <intent-filter>
282-->[androidx.profileinstaller:profileinstaller:1.3.1] AndroidManifest.xml:40:13-42:29
283                <action android:name="androidx.profileinstaller.action.INSTALL_PROFILE" />
283-->[androidx.profileinstaller:profileinstaller:1.3.1] AndroidManifest.xml:41:17-91
283-->[androidx.profileinstaller:profileinstaller:1.3.1] AndroidManifest.xml:41:25-88
284            </intent-filter>
285            <intent-filter>
285-->[androidx.profileinstaller:profileinstaller:1.3.1] AndroidManifest.xml:43:13-45:29
286                <action android:name="androidx.profileinstaller.action.SKIP_FILE" />
286-->[androidx.profileinstaller:profileinstaller:1.3.1] AndroidManifest.xml:44:17-85
286-->[androidx.profileinstaller:profileinstaller:1.3.1] AndroidManifest.xml:44:25-82
287            </intent-filter>
288            <intent-filter>
288-->[androidx.profileinstaller:profileinstaller:1.3.1] AndroidManifest.xml:46:13-48:29
289                <action android:name="androidx.profileinstaller.action.SAVE_PROFILE" />
289-->[androidx.profileinstaller:profileinstaller:1.3.1] AndroidManifest.xml:47:17-88
289-->[androidx.profileinstaller:profileinstaller:1.3.1] AndroidManifest.xml:47:25-85
290            </intent-filter>
291            <intent-filter>